# JRE version: OpenJDK Runtime Environment (19.0.2+7) (build 19.0.2+7-44)
# Java VM: OpenJDK 64-Bit Server VM (19.0.2+7-44, mixed mode, sharing, tiered, compressed oops, compressed class ptrs, g1 gc, windows-amd64)
GC Precious Log:
 CardTable entry size: 512
 Card Set container configuration: InlinePtr #cards 5 size 8 Array Of Cards #cards 12 size 40 Howl #buckets 4 coarsen threshold 1843 Howl Bitmap #cards 512 size 80 coarsen threshold 460 Card regions per heap region 1 cards per card region 2048
 CPUs: 2 total, 2 available
 Memory: 6033M
 Large Page Support: Disabled
 NUMA Support: Disabled
 Compressed Oops: Enabled (32-bit)
 Heap Region Size: 1M
 Heap Min Capacity: 8M
 Heap Initial Capacity: 96M
 Heap Max Capacity: 1510M
 Pre-touch: Disabled
 Parallel Workers: 2
 Concurrent Workers: 1
 Concurrent Refinement Workers: 2
 Periodic GC: Disabled
Heap:
 garbage-first heap   total 65536K, used 41025K [0x00000000a1a00000, 0x0000000100000000)
  region size 1024K, 22 young (22528K), 2 survivors (2048K)
 Metaspace       used 55881K, committed 56448K, reserved 1114112K
  class space    used 7239K, committed 7488K, reserved 1048576K
GC Heap History (20 events):
Event: 6.607 GC heap before
{Heap before GC invocations=3 (full 0):
 garbage-first heap   total 98304K, used 55798K [0x00000000a1a00000, 0x0000000100000000)
  region size 1024K, 50 young (51200K), 2 survivors (2048K)
 Metaspace       used 17278K, committed 17536K, reserved 1114112K
  class space    used 2011K, committed 2112K, reserved 1048576K
}
Event: 6.628 GC heap after
{Heap after GC invocations=4 (full 0):
 garbage-first heap   total 98304K, used 10802K [0x00000000a1a00000, 0x0000000100000000)
  region size 1024K, 6 young (6144K), 6 survivors (6144K)
 Metaspace       used 17278K, committed 17536K, reserved 1114112K
  class space    used 2011K, committed 2112K, reserved 1048576K
}
Event: 8.605 GC heap before
{Heap before GC invocations=4 (full 0):
 garbage-first heap   total 98304K, used 37426K [0x00000000a1a00000, 0x0000000100000000)
  region size 1024K, 33 young (33792K), 6 survivors (6144K)
 Metaspace       used 21193K, committed 21504K, reserved 1114112K
  class space    used 2515K, committed 2688K, reserved 1048576K
}
Event: 8.625 GC heap after
{Heap after GC invocations=5 (full 0):
 garbage-first heap   total 98304K, used 12494K [0x00000000a1a00000, 0x0000000100000000)
  region size 1024K, 6 young (6144K), 6 survivors (6144K)
 Metaspace       used 21193K, committed 21504K, reserved 1114112K
  class space    used 2515K, committed 2688K, reserved 1048576K
}
Event: 10.085 GC heap before
{Heap before GC invocations=6 (full 0):
 garbage-first heap   total 45056K, used 32974K [0x00000000a1a00000, 0x0000000100000000)
  region size 1024K, 26 young (26624K), 6 survivors (6144K)
 Metaspace       used 25629K, committed 26112K, reserved 1114112K
  class space    used 3129K, committed 3392K, reserved 1048576K
}
Event: 10.109 GC heap after
{Heap after GC invocations=7 (full 0):
 garbage-first heap   total 45056K, used 15236K [0x00000000a1a00000, 0x0000000100000000)
  region size 1024K, 3 young (3072K), 3 survivors (3072K)
 Metaspace       used 25629K, committed 26112K, reserved 1114112K
  class space    used 3129K, committed 3392K, reserved 1048576K
}
Event: 10.157 GC heap before
{Heap before GC invocations=7 (full 0):
 garbage-first heap   total 45056K, used 16260K [0x00000000a1a00000, 0x0000000100000000)
  region size 1024K, 4 young (4096K), 3 survivors (3072K)
 Metaspace       used 25871K, committed 26368K, reserved 1114112K
  class space    used 3148K, committed 3392K, reserved 1048576K
}
Event: 10.168 GC heap after
{Heap after GC invocations=8 (full 0):
 garbage-first heap   total 45056K, used 15806K [0x00000000a1a00000, 0x0000000100000000)
  region size 1024K, 1 young (1024K), 1 survivors (1024K)
 Metaspace       used 25871K, committed 26368K, reserved 1114112K
  class space    used 3148K, committed 3392K, reserved 1048576K
}
Event: 11.197 GC heap before
{Heap before GC invocations=8 (full 0):
 garbage-first heap   total 45056K, used 31166K [0x00000000a1a00000, 0x0000000100000000)
  region size 1024K, 17 young (17408K), 1 survivors (1024K)
 Metaspace       used 29672K, committed 30080K, reserved 1114112K
  class space    used 3544K, committed 3712K, reserved 1048576K
}
Event: 11.211 GC heap after
{Heap after GC invocations=9 (full 0):
 garbage-first heap   total 45056K, used 17177K [0x00000000a1a00000, 0x0000000100000000)
  region size 1024K, 2 young (2048K), 2 survivors (2048K)
 Metaspace       used 29672K, committed 30080K, reserved 1114112K
  class space    used 3544K, committed 3712K, reserved 1048576K
}
Event: 12.100 GC heap before
{Heap before GC invocations=9 (full 0):
 garbage-first heap   total 45056K, used 31513K [0x00000000a1a00000, 0x0000000100000000)
  region size 1024K, 17 young (17408K), 2 survivors (2048K)
 Metaspace       used 33670K, committed 34176K, reserved 1114112K
  class space    used 4028K, committed 4288K, reserved 1048576K
}
Event: 12.111 GC heap after
{Heap after GC invocations=10 (full 0):
 garbage-first heap   total 71680K, used 18244K [0x00000000a1a00000, 0x0000000100000000)
  region size 1024K, 1 young (1024K), 1 survivors (1024K)
 Metaspace       used 33670K, committed 34176K, reserved 1114112K
  class space    used 4028K, committed 4288K, reserved 1048576K
}
Event: 12.499 GC heap before
{Heap before GC invocations=10 (full 0):
 garbage-first heap   total 71680K, used 23364K [0x00000000a1a00000, 0x0000000100000000)
  region size 1024K, 7 young (7168K), 1 survivors (1024K)
 Metaspace       used 35420K, committed 35968K, reserved 1114112K
  class space    used 4265K, committed 4544K, reserved 1048576K
}
Event: 12.505 GC heap after
{Heap after GC invocations=11 (full 0):
 garbage-first heap   total 71680K, used 18538K [0x00000000a1a00000, 0x0000000100000000)
  region size 1024K, 2 young (2048K), 2 survivors (2048K)
 Metaspace       used 35420K, committed 35968K, reserved 1114112K
  class space    used 4265K, committed 4544K, reserved 1048576K
}
Event: 14.481 GC heap before
{Heap before GC invocations=12 (full 0):
 garbage-first heap   total 65536K, used 54378K [0x00000000a1a00000, 0x0000000100000000)
  region size 1024K, 37 young (37888K), 2 survivors (2048K)
 Metaspace       used 46898K, committed 47424K, reserved 1114112K
  class space    used 5953K, committed 6208K, reserved 1048576K
}
Event: 14.492 GC heap after
{Heap after GC invocations=13 (full 0):
 garbage-first heap   total 65536K, used 20392K [0x00000000a1a00000, 0x0000000100000000)
  region size 1024K, 3 young (3072K), 3 survivors (3072K)
 Metaspace       used 46898K, committed 47424K, reserved 1114112K
  class space    used 5953K, committed 6208K, reserved 1048576K
}
Event: 14.556 GC heap before
{Heap before GC invocations=13 (full 0):
 garbage-first heap   total 65536K, used 21416K [0x00000000a1a00000, 0x0000000100000000)
  region size 1024K, 4 young (4096K), 3 survivors (3072K)
 Metaspace       used 47236K, committed 47744K, reserved 1114112K
  class space    used 6042K, committed 6272K, reserved 1048576K
}
Event: 14.575 GC heap after
{Heap after GC invocations=14 (full 0):
 garbage-first heap   total 65536K, used 19774K [0x00000000a1a00000, 0x0000000100000000)
  region size 1024K, 1 young (1024K), 1 survivors (1024K)
 Metaspace       used 47236K, committed 47744K, reserved 1114112K
  class space    used 6042K, committed 6272K, reserved 1048576K
}
Event: 18.325 GC heap before
{Heap before GC invocations=14 (full 0):
 garbage-first heap   total 65536K, used 48446K [0x00000000a1a00000, 0x0000000100000000)
  region size 1024K, 30 young (30720K), 1 survivors (1024K)
 Metaspace       used 53393K, committed 53952K, reserved 1114112K
  class space    used 6907K, committed 7168K, reserved 1048576K
}
Event: 18.333 GC heap after
{Heap after GC invocations=15 (full 0):
 garbage-first heap   total 65536K, used 21569K [0x00000000a1a00000, 0x0000000100000000)
  region size 1024K, 2 young (2048K), 2 survivors (2048K)
 Metaspace       used 53393K, committed 53952K, reserved 1114112K
  class space    used 6907K, committed 7168K, reserved 1048576K
}

