# JRE version: OpenJDK Runtime Environment (19.0.2+7) (build 19.0.2+7-44)
# Java VM: OpenJDK 64-Bit Server VM (19.0.2+7-44, mixed mode, sharing, tiered, compressed oops, compressed class ptrs, g1 gc, windows-amd64)
GC Precious Log:
 CardTable entry size: 512
 Card Set container configuration: InlinePtr #cards 5 size 8 Array Of Cards #cards 12 size 40 Howl #buckets 4 coarsen threshold 1843 Howl Bitmap #cards 512 size 80 coarsen threshold 460 Card regions per heap region 1 cards per card region 2048
 CPUs: 2 total, 2 available
 Memory: 6033M
 Large Page Support: Disabled
 NUMA Support: Disabled
 Compressed Oops: Enabled (32-bit)
 Heap Region Size: 1M
 Heap Min Capacity: 8M
 Heap Initial Capacity: 96M
 Heap Max Capacity: 1510M
 Pre-touch: Disabled
 Parallel Workers: 2
 Concurrent Workers: 1
 Concurrent Refinement Workers: 2
 Periodic GC: Disabled
Heap:
 garbage-first heap   total 49152K, used 35146K [0x00000000a1a00000, 0x0000000100000000)
  region size 1024K, 17 young (17408K), 3 survivors (3072K)
 Metaspace       used 55127K, committed 55744K, reserved 1114112K
  class space    used 7157K, committed 7424K, reserved 1048576K
GC Heap History (20 events):
Event: 10.890 GC heap before
{Heap before GC invocations=6 (full 0):
 garbage-first heap   total 40960K, used 30512K [0x00000000a1a00000, 0x0000000100000000)
  region size 1024K, 24 young (24576K), 6 survivors (6144K)
 Metaspace       used 24706K, committed 25088K, reserved 1114112K
  class space    used 3043K, committed 3200K, reserved 1048576K
}
Event: 10.915 GC heap after
{Heap after GC invocations=7 (full 0):
 garbage-first heap   total 40960K, used 14791K [0x00000000a1a00000, 0x0000000100000000)
  region size 1024K, 3 young (3072K), 3 survivors (3072K)
 Metaspace       used 24706K, committed 25088K, reserved 1114112K
  class space    used 3043K, committed 3200K, reserved 1048576K
}
Event: 10.965 GC heap before
{Heap before GC invocations=7 (full 0):
 garbage-first heap   total 40960K, used 15815K [0x00000000a1a00000, 0x0000000100000000)
  region size 1024K, 4 young (4096K), 3 survivors (3072K)
 Metaspace       used 24789K, committed 25216K, reserved 1114112K
  class space    used 3063K, committed 3264K, reserved 1048576K
}
Event: 10.976 GC heap after
{Heap after GC invocations=8 (full 0):
 garbage-first heap   total 40960K, used 14721K [0x00000000a1a00000, 0x0000000100000000)
  region size 1024K, 1 young (1024K), 1 survivors (1024K)
 Metaspace       used 24789K, committed 25216K, reserved 1114112K
  class space    used 3063K, committed 3264K, reserved 1048576K
}
Event: 12.549 GC heap before
{Heap before GC invocations=8 (full 0):
 garbage-first heap   total 40960K, used 28033K [0x00000000a1a00000, 0x0000000100000000)
  region size 1024K, 15 young (15360K), 1 survivors (1024K)
 Metaspace       used 28210K, committed 28672K, reserved 1114112K
  class space    used 3434K, committed 3648K, reserved 1048576K
}
Event: 12.555 GC heap after
{Heap after GC invocations=9 (full 0):
 garbage-first heap   total 40960K, used 15936K [0x00000000a1a00000, 0x0000000100000000)
  region size 1024K, 2 young (2048K), 2 survivors (2048K)
 Metaspace       used 28210K, committed 28672K, reserved 1114112K
  class space    used 3434K, committed 3648K, reserved 1048576K
}
Event: 14.051 GC heap before
{Heap before GC invocations=9 (full 0):
 garbage-first heap   total 40960K, used 29248K [0x00000000a1a00000, 0x0000000100000000)
  region size 1024K, 16 young (16384K), 2 survivors (2048K)
 Metaspace       used 32381K, committed 32896K, reserved 1114112K
  class space    used 3887K, committed 4160K, reserved 1048576K
}
Event: 14.059 GC heap after
{Heap after GC invocations=10 (full 0):
 garbage-first heap   total 40960K, used 17193K [0x00000000a1a00000, 0x0000000100000000)
  region size 1024K, 2 young (2048K), 2 survivors (2048K)
 Metaspace       used 32381K, committed 32896K, reserved 1114112K
  class space    used 3887K, committed 4160K, reserved 1048576K
}
Event: 14.856 GC heap before
{Heap before GC invocations=10 (full 0):
 garbage-first heap   total 40960K, used 27433K [0x00000000a1a00000, 0x0000000100000000)
  region size 1024K, 14 young (14336K), 2 survivors (2048K)
 Metaspace       used 35427K, committed 35968K, reserved 1114112K
  class space    used 4271K, committed 4544K, reserved 1048576K
}
Event: 14.863 GC heap after
{Heap after GC invocations=11 (full 0):
 garbage-first heap   total 40960K, used 18178K [0x00000000a1a00000, 0x0000000100000000)
  region size 1024K, 1 young (1024K), 1 survivors (1024K)
 Metaspace       used 35427K, committed 35968K, reserved 1114112K
  class space    used 4271K, committed 4544K, reserved 1048576K
}
Event: 15.655 GC heap before
{Heap before GC invocations=12 (full 0):
 garbage-first heap   total 40960K, used 31490K [0x00000000a1a00000, 0x0000000100000000)
  region size 1024K, 14 young (14336K), 1 survivors (1024K)
 Metaspace       used 38986K, committed 39488K, reserved 1114112K
  class space    used 4849K, committed 5120K, reserved 1048576K
}
Event: 15.662 GC heap after
{Heap after GC invocations=13 (full 0):
 garbage-first heap   total 40960K, used 18912K [0x00000000a1a00000, 0x0000000100000000)
  region size 1024K, 2 young (2048K), 2 survivors (2048K)
 Metaspace       used 38986K, committed 39488K, reserved 1114112K
  class space    used 4849K, committed 5120K, reserved 1048576K
}
Event: 15.691 GC heap before
{Heap before GC invocations=13 (full 0):
 garbage-first heap   total 40960K, used 19936K [0x00000000a1a00000, 0x0000000100000000)
  region size 1024K, 3 young (3072K), 2 survivors (2048K)
 Metaspace       used 39363K, committed 39872K, reserved 1114112K
  class space    used 4889K, committed 5120K, reserved 1048576K
}
Event: 15.698 GC heap after
{Heap after GC invocations=14 (full 0):
 garbage-first heap   total 40960K, used 18563K [0x00000000a1a00000, 0x0000000100000000)
  region size 1024K, 1 young (1024K), 1 survivors (1024K)
 Metaspace       used 39363K, committed 39872K, reserved 1114112K
  class space    used 4889K, committed 5120K, reserved 1048576K
}
Event: 16.364 GC heap before
{Heap before GC invocations=14 (full 0):
 garbage-first heap   total 40960K, used 30851K [0x00000000a1a00000, 0x0000000100000000)
  region size 1024K, 14 young (14336K), 1 survivors (1024K)
 Metaspace       used 43580K, committed 44096K, reserved 1114112K
  class space    used 5437K, committed 5696K, reserved 1048576K
}
Event: 16.368 GC heap after
{Heap after GC invocations=15 (full 0):
 garbage-first heap   total 49152K, used 19297K [0x00000000a1a00000, 0x0000000100000000)
  region size 1024K, 1 young (1024K), 1 survivors (1024K)
 Metaspace       used 43580K, committed 44096K, reserved 1114112K
  class space    used 5437K, committed 5696K, reserved 1048576K
}
Event: 17.486 GC heap before
{Heap before GC invocations=15 (full 0):
 garbage-first heap   total 49152K, used 38753K [0x00000000a1a00000, 0x0000000100000000)
  region size 1024K, 20 young (20480K), 1 survivors (1024K)
 Metaspace       used 49922K, committed 50496K, reserved 1114112K
  class space    used 6462K, committed 6720K, reserved 1048576K
}
Event: 17.493 GC heap after
{Heap after GC invocations=16 (full 0):
 garbage-first heap   total 49152K, used 20114K [0x00000000a1a00000, 0x0000000100000000)
  region size 1024K, 2 young (2048K), 2 survivors (2048K)
 Metaspace       used 49922K, committed 50496K, reserved 1114112K
  class space    used 6462K, committed 6720K, reserved 1048576K
}
Event: 18.848 GC heap before
{Heap before GC invocations=16 (full 0):
 garbage-first heap   total 49152K, used 37522K [0x00000000a1a00000, 0x0000000100000000)
  region size 1024K, 20 young (20480K), 2 survivors (2048K)
 Metaspace       used 53871K, committed 54464K, reserved 1114112K
  class space    used 6976K, committed 7232K, reserved 1048576K
}
Event: 18.862 GC heap after
{Heap after GC invocations=17 (full 0):
 garbage-first heap   total 49152K, used 21834K [0x00000000a1a00000, 0x0000000100000000)
  region size 1024K, 3 young (3072K), 3 survivors (3072K)
 Metaspace       used 53871K, committed 54464K, reserved 1114112K
  class space    used 6976K, committed 7232K, reserved 1048576K
}

